This file contains any messages produced by compilers while
running configure, to aid debugging if configure makes a mistake.

It was created by CheckMATE configure 2.0.0, which was
generated by GNU Autoconf 2.69.  Invocation command line was

  $ ./configure --with-delphes=/home/shadowquark/code/github/checkmate/tools/delphes --with-pythia=/home/shadowquark/code/github/checkmate/tools/pythia

## --------- ##
## Platform. ##
## --------- ##

hostname = linux-exw3
uname -m = x86_64
uname -r = 5.3.18-lp152.69-default
uname -s = Linux
uname -v = #1 SMP Tue Apr 6 11:41:13 UTC 2021 (d532e33)

/usr/bin/uname -p = x86_64
/bin/uname -X     = unknown

/bin/arch              = x86_64
/usr/bin/arch -k       = unknown
/usr/convex/getsysinfo = unknown
/usr/bin/hostinfo      = unknown
/bin/machine           = unknown
/usr/bin/oslevel       = unknown
/bin/universe          = unknown

PATH: /snap/bin
PATH: /home/shadowquark/source/root_6.18/bin
PATH: /home/shadowquark/code/anaconda2/bin
PATH: /home/shadowquark/code/miniforge3/bin
PATH: /snap/bin
PATH: /home/shadowquark/code/miniforge3/bin
PATH: /home/shadowquark/code/miniforge3/condabin
PATH: /home/shadowquark/code/miniforge3/bin
PATH: /home/shadowquark/bin
PATH: /usr/local/bin
PATH: /usr/bin
PATH: /bin
PATH: /usr/lib/mit/bin
PATH: /usr/lib/mit/sbin
PATH: /snap/bin
PATH: /home/shadowquark/Documents/Telegram
PATH: /home/shadowquark/Documents/Telegram
PATH: /home/shadowquark/Documents/Telegram


## ----------- ##
## Core tests. ##
## ----------- ##

configure:2523: loading site script /usr/share/site/x86_64-unknown-linux-gnu
| #!/bin/sh
| # Site script for configure. It is resourced via $CONFIG_SITE environment varaible.
| 
| # If user did not specify libdir, guess the correct target:
| # Use lib64 for 64 bit bi-arch targets, keep the default for the rest.
| if test "$libdir" = '${exec_prefix}/lib' ; then
| 
| 	ac_config_site_64bit_host=NONE
| 
| 	case "$host" in
| 	"" )
| 		# User did not specify host target.
| 		# The native platform x86_64 is a bi-arch platform.
| 		# Try to detect cross-compilation to inferior architecture.
| 
| 		# We are trying to guess 32-bit target compilation. It's not as easy as
| 		# it sounds, as there is possible several intermediate combinations.
| 		ac_config_site_cross_to_32bit_host=NONE
| 
| 		# User defined -m32 in CFLAGS or CXXFLAGS or CC or CXX:
| 		# (It's sufficient for 32-bit, but alone may cause mis-behavior of some checks.)
| 		case "$CFLAGS $CXXFLAGS $CC $CXX" in
| 		*-m32*)
| 			ac_config_site_cross_to_32bit_host=YES
| 			;;
| 		esac
| 
| 		# Running with linux32:
| 		# (Changes detected platform, but not the toolchain target.)
| 		case "`/bin/uname -i`" in
| 		x86_64 | ppc64 | s390x | aarch64 )
| 			;;
| 		* )
| 			ac_config_site_cross_to_32bit_host=YES
| 			;;
| 		esac
| 
| 		if test "x$ac_config_site_cross_to_32bit_host" = xNONE; then
| 			ac_config_site_64bit_host=YES
| 		fi
| 
| 		;;
| 	*x86_64* | *ppc64* | *s390x* | *aarch64* )
| 		ac_config_site_64bit_host=YES
| 		;;
| 	esac
| 
| 	if test "x$ac_config_site_64bit_host" = xYES; then
| 		libdir='${exec_prefix}/lib64'
| 	fi
| fi
| 
| # If user did not specify libexecdir, set the correct target:
| # Nor FHS nor openSUSE allow prefix/libexec. Let's default to prefix/lib.
| 
| if test "$libexecdir" = '${exec_prefix}/libexec' ; then
| 	libexecdir='${exec_prefix}/lib'
| fi
| 
| # Continue with the standard behavior of configure defined in AC_SITE_LOAD:
| if test "x$prefix" != xNONE; then
| 	ac_site_file1=$prefix/share/config.site
| 	ac_site_file2=$prefix/etc/config.site
| else
| 	ac_site_file1=$ac_default_prefix/share/config.site
| 	ac_site_file2=$ac_default_prefix/etc/config.site
| fi
| for ac_site_file in "$ac_site_file1" "$ac_site_file2"
| do
| 	test "x$ac_site_file" = xNONE && continue
| 	if test /dev/null != "$ac_site_file" && test -r "$ac_site_file"; then
| 		{ $as_echo "/usr/share/site/x86_64-unknown-linux-gnu:${as_lineno-$LINENO}: loading site script $ac_site_file" >&5
| $as_echo "/usr/share/site/x86_64-unknown-linux-gnu: loading site script $ac_site_file" >&6;}
| 		sed 's/^/| /' "$ac_site_file" >&5
| 		. "$ac_site_file" \
| 			|| { { $as_echo "/usr/share/site/x86_64-unknown-linux-gnu:${as_lineno-$LINENO}: error: in \`$ac_pwd':" >&5
| $as_echo "/usr/share/site/x86_64-unknown-linux-gnu: error: in \`$ac_pwd':" >&2;}
| as_fn_error $? "failed to load site script $ac_site_file
| See \`config.log' for more details" "$LINENO" 5; }
| 	fi
| done
configure:2664: checking for a BSD-compatible install
configure:2732: result: /usr/bin/install -c
configure:2743: checking whether build environment is sane
configure:2798: result: yes
configure:2836: WARNING: 'missing' script is too old or missing
configure:2949: checking for a thread-safe mkdir -p
configure:2988: result: /usr/bin/mkdir -p
configure:2995: checking for gawk
configure:3011: found /usr/bin/gawk
configure:3022: result: gawk
configure:3033: checking whether make sets $(MAKE)
configure:3055: result: yes
configure:3084: checking whether make supports nested variables
configure:3101: result: yes
configure:3286: checking for g++
configure:3302: found /usr/bin/g++
configure:3313: result: g++
configure:3340: checking for C++ compiler version
configure:3349: g++ --version >&5
g++ (SUSE Linux) 7.5.0
Copyright (C) 2017 Free Software Foundation, Inc.
This is free software; see the source for copying conditions.  There is NO
warranty; not even for MERCHANTABILITY or FITNESS FOR A PARTICULAR PURPOSE.

configure:3360: $? = 0
configure:3349: g++ -v >&5
Using built-in specs.
COLLECT_GCC=g++
COLLECT_LTO_WRAPPER=/usr/lib64/gcc/x86_64-suse-linux/7/lto-wrapper
OFFLOAD_TARGET_NAMES=hsa:nvptx-none
Target: x86_64-suse-linux
Configured with: ../configure --prefix=/usr --infodir=/usr/share/info --mandir=/usr/share/man --libdir=/usr/lib64 --libexecdir=/usr/lib64 --enable-languages=c,c++,objc,fortran,obj-c++,ada,go --enable-offload-targets=hsa,nvptx-none, --without-cuda-driver --enable-checking=release --disable-werror --with-gxx-include-dir=/usr/include/c++/7 --enable-ssp --disable-libssp --disable-libvtv --disable-libcc1 --disable-plugin --with-bugurl=https://bugs.opensuse.org/ --with-pkgversion='SUSE Linux' --with-slibdir=/lib64 --with-system-zlib --enable-libstdcxx-allocator=new --disable-libstdcxx-pch --enable-version-specific-runtime-libs --with-gcc-major-version-only --enable-linker-build-id --enable-linux-futex --enable-gnu-indirect-function --program-suffix=-7 --without-system-libunwind --enable-multilib --with-arch-32=x86-64 --with-tune=generic --build=x86_64-suse-linux --host=x86_64-suse-linux
Thread model: posix
gcc version 7.5.0 (SUSE Linux) 
configure:3360: $? = 0
configure:3349: g++ -V >&5
g++: error: unrecognized command line option '-V'
g++: fatal error: no input files
compilation terminated.
configure:3360: $? = 1
configure:3349: g++ -qversion >&5
g++: error: unrecognized command line option '-qversion'; did you mean '--version'?
g++: fatal error: no input files
compilation terminated.
configure:3360: $? = 1
configure:3380: checking whether the C++ compiler works
configure:3402: g++    conftest.cpp  >&5
configure:3406: $? = 0
configure:3454: result: yes
configure:3457: checking for C++ compiler default output file name
configure:3459: result: a.out
configure:3465: checking for suffix of executables
configure:3472: g++ -o conftest    conftest.cpp  >&5
configure:3476: $? = 0
configure:3498: result: 
configure:3520: checking whether we are cross compiling
configure:3528: g++ -o conftest    conftest.cpp  >&5
configure:3532: $? = 0
configure:3539: ./conftest
configure:3543: $? = 0
configure:3558: result: no
configure:3563: checking for suffix of object files
configure:3585: g++ -c   conftest.cpp >&5
configure:3589: $? = 0
configure:3610: result: o
configure:3614: checking whether we are using the GNU C++ compiler
configure:3633: g++ -c   conftest.cpp >&5
configure:3633: $? = 0
configure:3642: result: yes
configure:3651: checking whether g++ accepts -g
configure:3671: g++ -c -g  conftest.cpp >&5
configure:3671: $? = 0
configure:3712: result: yes
configure:3746: checking for style of include used by make
configure:3774: result: GNU
configure:3800: checking dependency style of g++
configure:3911: result: gcc3
configure:3958: checking build system type
configure:3972: result: x86_64-unknown-linux-gnu
configure:3992: checking host system type
configure:4005: result: x86_64-unknown-linux-gnu
configure:4073: checking for gcc
configure:4089: found /usr/bin/gcc
configure:4100: result: gcc
configure:4329: checking for C compiler version
configure:4338: gcc --version >&5
gcc (SUSE Linux) 7.5.0
Copyright (C) 2017 Free Software Foundation, Inc.
This is free software; see the source for copying conditions.  There is NO
warranty; not even for MERCHANTABILITY or FITNESS FOR A PARTICULAR PURPOSE.

configure:4349: $? = 0
configure:4338: gcc -v >&5
Using built-in specs.
COLLECT_GCC=gcc
COLLECT_LTO_WRAPPER=/usr/lib64/gcc/x86_64-suse-linux/7/lto-wrapper
OFFLOAD_TARGET_NAMES=hsa:nvptx-none
Target: x86_64-suse-linux
Configured with: ../configure --prefix=/usr --infodir=/usr/share/info --mandir=/usr/share/man --libdir=/usr/lib64 --libexecdir=/usr/lib64 --enable-languages=c,c++,objc,fortran,obj-c++,ada,go --enable-offload-targets=hsa,nvptx-none, --without-cuda-driver --enable-checking=release --disable-werror --with-gxx-include-dir=/usr/include/c++/7 --enable-ssp --disable-libssp --disable-libvtv --disable-libcc1 --disable-plugin --with-bugurl=https://bugs.opensuse.org/ --with-pkgversion='SUSE Linux' --with-slibdir=/lib64 --with-system-zlib --enable-libstdcxx-allocator=new --disable-libstdcxx-pch --enable-version-specific-runtime-libs --with-gcc-major-version-only --enable-linker-build-id --enable-linux-futex --enable-gnu-indirect-function --program-suffix=-7 --without-system-libunwind --enable-multilib --with-arch-32=x86-64 --with-tune=generic --build=x86_64-suse-linux --host=x86_64-suse-linux
Thread model: posix
gcc version 7.5.0 (SUSE Linux) 
configure:4349: $? = 0
configure:4338: gcc -V >&5
gcc: error: unrecognized command line option '-V'
gcc: fatal error: no input files
compilation terminated.
configure:4349: $? = 1
configure:4338: gcc -qversion >&5
gcc: error: unrecognized command line option '-qversion'; did you mean '--version'?
gcc: fatal error: no input files
compilation terminated.
configure:4349: $? = 1
configure:4353: checking whether we are using the GNU C compiler
configure:4372: gcc -c   conftest.c >&5
configure:4372: $? = 0
configure:4381: result: yes
configure:4390: checking whether gcc accepts -g
configure:4410: gcc -c -g  conftest.c >&5
configure:4410: $? = 0
configure:4451: result: yes
configure:4468: checking for gcc option to accept ISO C89
configure:4531: gcc  -c -g -O2  conftest.c >&5
configure:4531: $? = 0
configure:4544: result: none needed
configure:4569: checking whether gcc understands -c and -o together
configure:4591: gcc -c conftest.c -o conftest2.o
configure:4594: $? = 0
configure:4591: gcc -c conftest.c -o conftest2.o
configure:4594: $? = 0
configure:4606: result: yes
configure:4625: checking dependency style of gcc
configure:4736: result: gcc3
configure:4751: checking for a sed that does not truncate output
configure:4815: result: /usr/bin/sed
configure:4833: checking for grep that handles long lines and -e
configure:4891: result: /usr/bin/grep
configure:4896: checking for egrep
configure:4958: result: /usr/bin/grep -E
configure:4963: checking for fgrep
configure:5025: result: /usr/bin/grep -F
configure:5060: checking for ld used by gcc
configure:5127: result: /usr/x86_64-suse-linux/bin/ld
configure:5134: checking if the linker (/usr/x86_64-suse-linux/bin/ld) is GNU ld
configure:5149: result: yes
configure:5161: checking for BSD- or MS-compatible name lister (nm)
configure:5210: result: /usr/bin/nm -B
configure:5328: checking the name lister (/usr/bin/nm -B) interface
configure:5335: gcc -c -g -O2  conftest.c >&5
configure:5338: /usr/bin/nm -B "conftest.o"
configure:5341: output
0000000000000000 B some_variable
configure:5348: result: BSD nm
configure:5351: checking whether ln -s works
configure:5355: result: yes
configure:5363: checking the maximum length of command line arguments
configure:5483: result: 1572864
configure:5500: checking whether the shell understands some XSI constructs
configure:5510: result: yes
configure:5514: checking whether the shell understands "+="
configure:5520: result: yes
configure:5555: checking for /usr/x86_64-suse-linux/bin/ld option to reload object files
configure:5562: result: -r
configure:5631: checking for objdump
configure:5647: found /usr/bin/objdump
configure:5658: result: objdump
configure:5690: checking how to recognize dependent libraries
configure:5886: result: pass_all
configure:5946: checking for ar
configure:5962: found /usr/bin/ar
configure:5973: result: ar
configure:6051: checking for strip
configure:6067: found /usr/bin/strip
configure:6078: result: strip
configure:6150: checking for ranlib
configure:6166: found /usr/bin/ranlib
configure:6177: result: ranlib
configure:6267: checking command to parse /usr/bin/nm -B output from gcc object
configure:6385: gcc -c -g -O2  conftest.c >&5
configure:6388: $? = 0
configure:6392: /usr/bin/nm -B conftest.o \| sed -n -e 's/^.*[	 ]\([ABCDGIRSTW][ABCDGIRSTW]*\)[	 ][	 ]*\([_A-Za-z][_A-Za-z0-9]*\)$/\1 \2 \2/p' \> conftest.nm
configure:6395: $? = 0
configure:6449: gcc -o conftest -g -O2   conftest.c conftstm.o >&5
configure:6452: $? = 0
configure:6490: result: ok
configure:6586: gcc -c -g -O2  conftest.c >&5
configure:6589: $? = 0
configure:7299: checking how to run the C preprocessor
configure:7330: gcc -E  conftest.c
configure:7330: $? = 0
configure:7344: gcc -E  conftest.c
conftest.c:11:10: fatal error: ac_nonexistent.h: No such file or directory
 #include <ac_nonexistent.h>
          ^~~~~~~~~~~~~~~~~~
compilation terminated.
configure:7344: $? = 1
configure: failed program was:
| /* confdefs.h */
| #define PACKAGE_NAME "CheckMATE"
| #define PACKAGE_TARNAME "checkmate"
| #define PACKAGE_VERSION "2.0.0"
| #define PACKAGE_STRING "CheckMATE 2.0.0"
| #define PACKAGE_BUGREPORT "daschm@uni-bonn.de"
| #define PACKAGE_URL ""
| #define PACKAGE "checkmate"
| #define VERSION "2.0.0"
| /* end confdefs.h.  */
| #include <ac_nonexistent.h>
configure:7369: result: gcc -E
configure:7389: gcc -E  conftest.c
configure:7389: $? = 0
configure:7403: gcc -E  conftest.c
conftest.c:11:10: fatal error: ac_nonexistent.h: No such file or directory
 #include <ac_nonexistent.h>
          ^~~~~~~~~~~~~~~~~~
compilation terminated.
configure:7403: $? = 1
configure: failed program was:
| /* confdefs.h */
| #define PACKAGE_NAME "CheckMATE"
| #define PACKAGE_TARNAME "checkmate"
| #define PACKAGE_VERSION "2.0.0"
| #define PACKAGE_STRING "CheckMATE 2.0.0"
| #define PACKAGE_BUGREPORT "daschm@uni-bonn.de"
| #define PACKAGE_URL ""
| #define PACKAGE "checkmate"
| #define VERSION "2.0.0"
| /* end confdefs.h.  */
| #include <ac_nonexistent.h>
configure:7432: checking for ANSI C header files
configure:7452: gcc -c -g -O2  conftest.c >&5
configure:7452: $? = 0
configure:7525: gcc -o conftest -g -O2   conftest.c  >&5
configure:7525: $? = 0
configure:7525: ./conftest
configure:7525: $? = 0
configure:7536: result: yes
configure:7549: checking for sys/types.h
configure:7549: gcc -c -g -O2  conftest.c >&5
configure:7549: $? = 0
configure:7549: result: yes
configure:7549: checking for sys/stat.h
configure:7549: gcc -c -g -O2  conftest.c >&5
configure:7549: $? = 0
configure:7549: result: yes
configure:7549: checking for stdlib.h
configure:7549: gcc -c -g -O2  conftest.c >&5
configure:7549: $? = 0
configure:7549: result: yes
configure:7549: checking for string.h
configure:7549: gcc -c -g -O2  conftest.c >&5
configure:7549: $? = 0
configure:7549: result: yes
configure:7549: checking for memory.h
configure:7549: gcc -c -g -O2  conftest.c >&5
configure:7549: $? = 0
configure:7549: result: yes
configure:7549: checking for strings.h
configure:7549: gcc -c -g -O2  conftest.c >&5
configure:7549: $? = 0
configure:7549: result: yes
configure:7549: checking for inttypes.h
configure:7549: gcc -c -g -O2  conftest.c >&5
configure:7549: $? = 0
configure:7549: result: yes
configure:7549: checking for stdint.h
configure:7549: gcc -c -g -O2  conftest.c >&5
configure:7549: $? = 0
configure:7549: result: yes
configure:7549: checking for unistd.h
configure:7549: gcc -c -g -O2  conftest.c >&5
configure:7549: $? = 0
configure:7549: result: yes
configure:7563: checking for dlfcn.h
configure:7563: gcc -c -g -O2  conftest.c >&5
configure:7563: $? = 0
configure:7563: result: yes
configure:7688: checking for C++ compiler version
configure:7697: g++ --version >&5
g++ (SUSE Linux) 7.5.0
Copyright (C) 2017 Free Software Foundation, Inc.
This is free software; see the source for copying conditions.  There is NO
warranty; not even for MERCHANTABILITY or FITNESS FOR A PARTICULAR PURPOSE.

configure:7708: $? = 0
configure:7697: g++ -v >&5
Using built-in specs.
COLLECT_GCC=g++
COLLECT_LTO_WRAPPER=/usr/lib64/gcc/x86_64-suse-linux/7/lto-wrapper
OFFLOAD_TARGET_NAMES=hsa:nvptx-none
Target: x86_64-suse-linux
Configured with: ../configure --prefix=/usr --infodir=/usr/share/info --mandir=/usr/share/man --libdir=/usr/lib64 --libexecdir=/usr/lib64 --enable-languages=c,c++,objc,fortran,obj-c++,ada,go --enable-offload-targets=hsa,nvptx-none, --without-cuda-driver --enable-checking=release --disable-werror --with-gxx-include-dir=/usr/include/c++/7 --enable-ssp --disable-libssp --disable-libvtv --disable-libcc1 --disable-plugin --with-bugurl=https://bugs.opensuse.org/ --with-pkgversion='SUSE Linux' --with-slibdir=/lib64 --with-system-zlib --enable-libstdcxx-allocator=new --disable-libstdcxx-pch --enable-version-specific-runtime-libs --with-gcc-major-version-only --enable-linker-build-id --enable-linux-futex --enable-gnu-indirect-function --program-suffix=-7 --without-system-libunwind --enable-multilib --with-arch-32=x86-64 --with-tune=generic --build=x86_64-suse-linux --host=x86_64-suse-linux
Thread model: posix
gcc version 7.5.0 (SUSE Linux) 
configure:7708: $? = 0
configure:7697: g++ -V >&5
g++: error: unrecognized command line option '-V'
g++: fatal error: no input files
compilation terminated.
configure:7708: $? = 1
configure:7697: g++ -qversion >&5
g++: error: unrecognized command line option '-qversion'; did you mean '--version'?
g++: fatal error: no input files
compilation terminated.
configure:7708: $? = 1
configure:7712: checking whether we are using the GNU C++ compiler
configure:7740: result: yes
configure:7749: checking whether g++ accepts -g
configure:7810: result: yes
configure:7835: checking dependency style of g++
configure:7946: result: gcc3
configure:7969: checking how to run the C++ preprocessor
configure:7996: g++ -E  conftest.cpp
configure:7996: $? = 0
configure:8010: g++ -E  conftest.cpp
conftest.cpp:22:10: fatal error: ac_nonexistent.h: No such file or directory
 #include <ac_nonexistent.h>
          ^~~~~~~~~~~~~~~~~~
compilation terminated.
configure:8010: $? = 1
configure: failed program was:
| /* confdefs.h */
| #define PACKAGE_NAME "CheckMATE"
| #define PACKAGE_TARNAME "checkmate"
| #define PACKAGE_VERSION "2.0.0"
| #define PACKAGE_STRING "CheckMATE 2.0.0"
| #define PACKAGE_BUGREPORT "daschm@uni-bonn.de"
| #define PACKAGE_URL ""
| #define PACKAGE "checkmate"
| #define VERSION "2.0.0"
| #define STDC_HEADERS 1
| #define HAVE_SYS_TYPES_H 1
| #define HAVE_SYS_STAT_H 1
| #define HAVE_STDLIB_H 1
| #define HAVE_STRING_H 1
| #define HAVE_MEMORY_H 1
| #define HAVE_STRINGS_H 1
| #define HAVE_INTTYPES_H 1
| #define HAVE_STDINT_H 1
| #define HAVE_UNISTD_H 1
| #define HAVE_DLFCN_H 1
| /* end confdefs.h.  */
| #include <ac_nonexistent.h>
configure:8035: result: g++ -E
configure:8055: g++ -E  conftest.cpp
configure:8055: $? = 0
configure:8069: g++ -E  conftest.cpp
conftest.cpp:22:10: fatal error: ac_nonexistent.h: No such file or directory
 #include <ac_nonexistent.h>
          ^~~~~~~~~~~~~~~~~~
compilation terminated.
configure:8069: $? = 1
configure: failed program was:
| /* confdefs.h */
| #define PACKAGE_NAME "CheckMATE"
| #define PACKAGE_TARNAME "checkmate"
| #define PACKAGE_VERSION "2.0.0"
| #define PACKAGE_STRING "CheckMATE 2.0.0"
| #define PACKAGE_BUGREPORT "daschm@uni-bonn.de"
| #define PACKAGE_URL ""
| #define PACKAGE "checkmate"
| #define VERSION "2.0.0"
| #define STDC_HEADERS 1
| #define HAVE_SYS_TYPES_H 1
| #define HAVE_SYS_STAT_H 1
| #define HAVE_STDLIB_H 1
| #define HAVE_STRING_H 1
| #define HAVE_MEMORY_H 1
| #define HAVE_STRINGS_H 1
| #define HAVE_INTTYPES_H 1
| #define HAVE_STDINT_H 1
| #define HAVE_UNISTD_H 1
| #define HAVE_DLFCN_H 1
| /* end confdefs.h.  */
| #include <ac_nonexistent.h>
configure:8275: checking for objdir
configure:8290: result: .libs
configure:8586: checking if gcc supports -fno-rtti -fno-exceptions
configure:8604: gcc -c -g -O2  -fno-rtti -fno-exceptions conftest.c >&5
cc1: warning: command line option '-fno-rtti' is valid for C++/ObjC++ but not for C
configure:8608: $? = 0
configure:8621: result: no
configure:8641: checking for gcc option to produce PIC
configure:8913: result: -fPIC -DPIC
configure:8925: checking if gcc PIC flag -fPIC -DPIC works
configure:8943: gcc -c -g -O2  -fPIC -DPIC -DPIC conftest.c >&5
configure:8947: $? = 0
configure:8960: result: yes
configure:8984: checking if gcc static flag -static works
configure:9012: result: no
configure:9027: checking if gcc supports -c -o file.o
configure:9048: gcc -c -g -O2  -o out/conftest2.o conftest.c >&5
configure:9052: $? = 0
configure:9074: result: yes
configure:9082: checking if gcc supports -c -o file.o
configure:9129: result: yes
configure:9162: checking whether the gcc linker (/usr/x86_64-suse-linux/bin/ld -m elf_x86_64) supports shared libraries
configure:10148: result: yes
configure:10185: checking whether -lc should be explicitly linked in
configure:10190: gcc -c -g -O2  conftest.c >&5
configure:10193: $? = 0
configure:10208: gcc -shared conftest.o  -v -Wl,-soname -Wl,conftest -o conftest 2\>\&1 \| /usr/bin/grep  -lc  \>/dev/null 2\>\&1
configure:10211: $? = 0
configure:10223: result: no
configure:10387: checking dynamic linker characteristics
configure:10820: gcc -o conftest -g -O2   -Wl,-rpath -Wl,/foo conftest.c  >&5
configure:10820: $? = 0
configure:11038: result: GNU/Linux ld.so
configure:11140: checking how to hardcode library paths into programs
configure:11165: result: immediate
configure:11685: checking whether stripping libraries is possible
configure:11690: result: yes
configure:11725: checking if libtool supports shared libraries
configure:11727: result: yes
configure:11730: checking whether to build shared libraries
configure:11751: result: yes
configure:11754: checking whether to build static libraries
configure:11758: result: yes
configure:11908: checking for ld used by g++
configure:11975: result: /usr/x86_64-suse-linux/bin/ld -m elf_x86_64
configure:11982: checking if the linker (/usr/x86_64-suse-linux/bin/ld -m elf_x86_64) is GNU ld
configure:11997: result: yes
configure:12052: checking whether the g++ linker (/usr/x86_64-suse-linux/bin/ld -m elf_x86_64) supports shared libraries
configure:12965: result: yes
configure:12993: g++ -c -g -O2  conftest.cpp >&5
configure:12996: $? = 0
configure:13178: checking for g++ option to produce PIC
configure:13495: result: -fPIC -DPIC
configure:13504: checking if g++ PIC flag -fPIC -DPIC works
configure:13522: g++ -c -g -O2  -fPIC -DPIC -DPIC conftest.cpp >&5
configure:13526: $? = 0
configure:13539: result: yes
configure:13560: checking if g++ static flag -static works
configure:13588: result: no
configure:13600: checking if g++ supports -c -o file.o
configure:13621: g++ -c -g -O2  -o out/conftest2.o conftest.cpp >&5
configure:13625: $? = 0
configure:13647: result: yes
configure:13652: checking if g++ supports -c -o file.o
configure:13699: result: yes
configure:13729: checking whether the g++ linker (/usr/x86_64-suse-linux/bin/ld -m elf_x86_64) supports shared libraries
configure:13755: result: yes
configure:13892: checking dynamic linker characteristics
configure:14273: g++ -o conftest -g -O2   -Wl,-rpath -Wl,/foo conftest.cpp  >&5
configure:14273: $? = 0
configure:14491: result: GNU/Linux ld.so
configure:14542: checking how to hardcode library paths into programs
configure:14567: result: immediate
configure:14633: checking for ANSI C header files
configure:14737: result: yes
configure:14747: checking iostream usability
configure:14747: g++ -c -g -O2  conftest.cpp >&5
configure:14747: $? = 0
configure:14747: result: yes
configure:14747: checking iostream presence
configure:14747: g++ -E  conftest.cpp
configure:14747: $? = 0
configure:14747: result: yes
configure:14747: checking for iostream
configure:14747: result: yes
configure:14759: checking ostream usability
configure:14759: g++ -c -g -O2  conftest.cpp >&5
configure:14759: $? = 0
configure:14759: result: yes
configure:14759: checking ostream presence
configure:14759: g++ -E  conftest.cpp
configure:14759: $? = 0
configure:14759: result: yes
configure:14759: checking for ostream
configure:14759: result: yes
configure:14771: checking fstream usability
configure:14771: g++ -c -g -O2  conftest.cpp >&5
configure:14771: $? = 0
configure:14771: result: yes
configure:14771: checking fstream presence
configure:14771: g++ -E  conftest.cpp
configure:14771: $? = 0
configure:14771: result: yes
configure:14771: checking for fstream
configure:14771: result: yes
configure:14783: checking whether g++ supports C++11 features by default
configure:14807: g++ -c -g -O2  conftest.cpp >&5
configure:14807: $? = 0
configure:14814: result: yes
configure:14923: checking for HepMC location
configure:14936: result: not found
configure:15011: checking for Pythia8 location
configure:15027: result: /home/shadowquark/code/github/checkmate/tools/pythia
configure:15035: checking for gzip include (optional)
configure:15046: result: not found
configure:15053: checking for gzip library (optional)
configure:15064: result: not found
configure:15079: result: 
configure:15089: checking Pythia8/Pythia.h usability
configure:15089: g++ -c -g -O2  -I/home/shadowquark/code/github/checkmate/tools/pythia/include  conftest.cpp >&5
configure:15089: $? = 0
configure:15089: result: yes
configure:15089: checking Pythia8/Pythia.h presence
configure:15089: g++ -E  -I/home/shadowquark/code/github/checkmate/tools/pythia/include  conftest.cpp
configure:15089: $? = 0
configure:15089: result: yes
configure:15089: checking for Pythia8/Pythia.h
configure:15089: result: yes
configure:15158: checking for python
configure:15168: checking for python
configure:15186: found /home/shadowquark/code/anaconda2/bin/python
configure:15199: result: /home/shadowquark/code/anaconda2/bin/python
configure:15207: result: /home/shadowquark/code/anaconda2/bin/python
configure:15219: checking whether /home/shadowquark/code/anaconda2/bin/python version is >= 2.7.3
configure:15230: /home/shadowquark/code/anaconda2/bin/python -c import sys # split strings by '.' and convert to numeric. Append some zeros # because we need at least 4 digits for the hex conversion. # map returns an iterator in Python 3.0 and a list in 2.x minver = list(map(int, '2.7.3'.split('.'))) + [0, 0, 0] minverhex = 0 # xrange is not present in Python 3.0 and range returns an iterator for i in list(range(0, 4)): minverhex = (minverhex << 8) + minver[i] sys.exit(sys.hexversion < minverhex)
configure:15233: $? = 0
configure:15235: result: yes
configure:15328: checking for /home/shadowquark/code/anaconda2/bin/python version
configure:15335: result: 2.7
configure:15347: checking for /home/shadowquark/code/anaconda2/bin/python platform
configure:15354: result: linux2
configure:15380: checking for /home/shadowquark/code/anaconda2/bin/python script directory
configure:15415: result: ${prefix}/lib/python2.7/site-packages
configure:15424: checking for /home/shadowquark/code/anaconda2/bin/python extension module directory
configure:15459: result: ${exec_prefix}/lib/python2.7/site-packages
configure:15490: checking for root-config
configure:15508: found /home/shadowquark/source/root_6.18/bin/root-config
configure:15521: result: /home/shadowquark/source/root_6.18/bin/root-config
configure:15531: checking for root
configure:15549: found /home/shadowquark/source/root_6.18/bin/root
configure:15562: result: /home/shadowquark/source/root_6.18/bin/root
configure:15572: checking for rootcint
configure:15590: found /home/shadowquark/source/root_6.18/bin/rootcint
configure:15603: result: /home/shadowquark/source/root_6.18/bin/rootcint
configure:15630: checking whether ROOT version >= 5.20
configure:15639: result: yes
configure:15684: error: ROOT could be initialised but apparently it has been configured without Minuit2 functionality. Checkout the manual to find out how to add it.

## ---------------- ##
## Cache variables. ##
## ---------------- ##

ac_cv_build=x86_64-unknown-linux-gnu
ac_cv_c_compiler_gnu=yes
ac_cv_cxx_compiler_gnu=yes
ac_cv_env_CCC_set=
ac_cv_env_CCC_value=
ac_cv_env_CC_set=
ac_cv_env_CC_value=
ac_cv_env_CFLAGS_set=
ac_cv_env_CFLAGS_value=
ac_cv_env_CPPFLAGS_set=
ac_cv_env_CPPFLAGS_value=
ac_cv_env_CPP_set=
ac_cv_env_CPP_value=
ac_cv_env_CXXCPP_set=
ac_cv_env_CXXCPP_value=
ac_cv_env_CXXFLAGS_set=
ac_cv_env_CXXFLAGS_value=
ac_cv_env_CXX_set=
ac_cv_env_CXX_value=
ac_cv_env_LDFLAGS_set=
ac_cv_env_LDFLAGS_value=
ac_cv_env_LIBS_set=
ac_cv_env_LIBS_value=
ac_cv_env_PYTHON_set=
ac_cv_env_PYTHON_value=
ac_cv_env_build_alias_set=
ac_cv_env_build_alias_value=
ac_cv_env_host_alias_set=
ac_cv_env_host_alias_value=
ac_cv_env_target_alias_set=
ac_cv_env_target_alias_value=
ac_cv_header_Pythia8_Pythia_h=yes
ac_cv_header_dlfcn_h=yes
ac_cv_header_fstream=yes
ac_cv_header_inttypes_h=yes
ac_cv_header_iostream=yes
ac_cv_header_memory_h=yes
ac_cv_header_ostream=yes
ac_cv_header_stdc=yes
ac_cv_header_stdint_h=yes
ac_cv_header_stdlib_h=yes
ac_cv_header_string_h=yes
ac_cv_header_strings_h=yes
ac_cv_header_sys_stat_h=yes
ac_cv_header_sys_types_h=yes
ac_cv_header_unistd_h=yes
ac_cv_host=x86_64-unknown-linux-gnu
ac_cv_objext=o
ac_cv_path_EGREP='/usr/bin/grep -E'
ac_cv_path_FGREP='/usr/bin/grep -F'
ac_cv_path_GREP=/usr/bin/grep
ac_cv_path_PYTHON=/home/shadowquark/code/anaconda2/bin/python
ac_cv_path_ROOTCINT=/home/shadowquark/source/root_6.18/bin/rootcint
ac_cv_path_ROOTCONF=/home/shadowquark/source/root_6.18/bin/root-config
ac_cv_path_ROOTEXEC=/home/shadowquark/source/root_6.18/bin/root
ac_cv_path_SED=/usr/bin/sed
ac_cv_path_install='/usr/bin/install -c'
ac_cv_path_mkdir=/usr/bin/mkdir
ac_cv_prog_AWK=gawk
ac_cv_prog_CPP='gcc -E'
ac_cv_prog_CXXCPP='g++ -E'
ac_cv_prog_ac_ct_AR=ar
ac_cv_prog_ac_ct_CC=gcc
ac_cv_prog_ac_ct_CXX=g++
ac_cv_prog_ac_ct_OBJDUMP=objdump
ac_cv_prog_ac_ct_RANLIB=ranlib
ac_cv_prog_ac_ct_STRIP=strip
ac_cv_prog_cc_c89=
ac_cv_prog_cc_g=yes
ac_cv_prog_cxx_g=yes
ac_cv_prog_make_make_set=yes
am_cv_CC_dependencies_compiler_type=gcc3
am_cv_CXX_dependencies_compiler_type=gcc3
am_cv_make_support_nested_variables=yes
am_cv_prog_cc_c_o=yes
am_cv_python_platform=linux2
am_cv_python_pyexecdir='${exec_prefix}/lib/python2.7/site-packages'
am_cv_python_pythondir='${prefix}/lib/python2.7/site-packages'
am_cv_python_version=2.7
ax_cv_cxx_compile_cxx11=yes
lt_cv_deplibs_check_method=pass_all
lt_cv_file_magic_cmd='$MAGIC_CMD'
lt_cv_file_magic_test_file=
lt_cv_ld_reload_flag=-r
lt_cv_nm_interface='BSD nm'
lt_cv_objdir=.libs
lt_cv_path_LD=/usr/x86_64-suse-linux/bin/ld
lt_cv_path_LDCXX='/usr/x86_64-suse-linux/bin/ld -m elf_x86_64'
lt_cv_path_NM='/usr/bin/nm -B'
lt_cv_prog_compiler_c_o=yes
lt_cv_prog_compiler_c_o_CXX=yes
lt_cv_prog_compiler_pic_works=yes
lt_cv_prog_compiler_pic_works_CXX=yes
lt_cv_prog_compiler_rtti_exceptions=no
lt_cv_prog_compiler_static_works=no
lt_cv_prog_compiler_static_works_CXX=no
lt_cv_prog_gnu_ld=yes
lt_cv_prog_gnu_ldcxx=yes
lt_cv_sys_global_symbol_pipe='sed -n -e '\''s/^.*[	 ]\([ABCDGIRSTW][ABCDGIRSTW]*\)[	 ][	 ]*\([_A-Za-z][_A-Za-z0-9]*\)$/\1 \2 \2/p'\'''
lt_cv_sys_global_symbol_to_c_name_address='sed -n -e '\''s/^: \([^ ]*\) $/  {\"\1\", (void *) 0},/p'\'' -e '\''s/^[ABCDGIRSTW]* \([^ ]*\) \([^ ]*\)$/  {"\2", (void *) \&\2},/p'\'''
lt_cv_sys_global_symbol_to_c_name_address_lib_prefix='sed -n -e '\''s/^: \([^ ]*\) $/  {\"\1\", (void *) 0},/p'\'' -e '\''s/^[ABCDGIRSTW]* \([^ ]*\) \(lib[^ ]*\)$/  {"\2", (void *) \&\2},/p'\'' -e '\''s/^[ABCDGIRSTW]* \([^ ]*\) \([^ ]*\)$/  {"lib\2", (void *) \&\2},/p'\'''
lt_cv_sys_global_symbol_to_cdecl='sed -n -e '\''s/^T .* \(.*\)$/extern int \1();/p'\'' -e '\''s/^[ABCDGIRSTW]* .* \(.*\)$/extern char \1;/p'\'''
lt_cv_sys_max_cmd_len=1572864

## ----------------- ##
## Output variables. ##
## ----------------- ##

ACLOCAL='aclocal-1.15'
AMDEPBACKSLASH='\'
AMDEP_FALSE='#'
AMDEP_TRUE=''
AMTAR='$${TAR-tar}'
AM_BACKSLASH='\'
AM_DEFAULT_V='$(AM_DEFAULT_VERBOSITY)'
AM_DEFAULT_VERBOSITY='1'
AM_V='$(V)'
AR='ar'
AUTOCONF='autoconf'
AUTOHEADER='autoheader'
AUTOMAKE='automake-1.15'
AWK='gawk'
CC='gcc'
CCDEPMODE='depmode=gcc3'
CFLAGS='-g -O2'
CPP='gcc -E'
CPPFLAGS=' -I/home/shadowquark/code/github/checkmate/tools/pythia/include '
CREATE_HEPMC=''
CXX='g++'
CXXCPP='g++ -E'
CXXDEPMODE='depmode=gcc3'
CXXFLAGS='-g -O2'
CYGPATH_W='echo'
DEFS=''
DELPHESCFLAGS=''
DELPHESINCLUDE=''
DELPHESLIBDIR=''
DELPHESLIBS=''
DEPDIR='.deps'
DSYMUTIL=''
DUMPBIN=''
DYLD_LIBRARY_PATH='/home/shadowquark/source/root_6.18/lib'
ECHO_C=''
ECHO_N='-n'
ECHO_T=''
EGREP='/usr/bin/grep -E'
EXEEXT=''
FGREP='/usr/bin/grep -F'
GREP='/usr/bin/grep'
GZIPINC=''
GZIPLIB=''
HAVE_DELPHES_FALSE=''
HAVE_DELPHES_TRUE=''
HAVE_GZIPINC_FALSE=''
HAVE_GZIPINC_TRUE='#'
HAVE_GZIPLIB_FALSE=''
HAVE_GZIPLIB_TRUE='#'
HAVE_HEPMC_FALSE=''
HAVE_HEPMC_TRUE='#'
HAVE_MADGRAPH_FALSE=''
HAVE_MADGRAPH_TRUE=''
HAVE_PYTHIA_FALSE='#'
HAVE_PYTHIA_TRUE=''
HEPMCINCLUDE=''
HEPMCLIBDIR=''
HEPMCLIBS=''
INSTALL_DATA='${INSTALL} -m 644'
INSTALL_PROGRAM='${INSTALL}'
INSTALL_SCRIPT='${INSTALL}'
INSTALL_STRIP_PROGRAM='$(install_sh) -c -s'
LD='/usr/x86_64-suse-linux/bin/ld -m elf_x86_64'
LDFLAGS=''
LD_LIBRARY_PATH='/home/shadowquark/source/root_6.18/lib'
LD_RUN_PATH=''
LIBOBJS=''
LIBS='  -L/home/shadowquark/code/github/checkmate/tools/pythia/lib -lpythia8 -ldl -lm -lz'
LIBTOOL='$(SHELL) $(top_builddir)/libtool'
LIPO=''
LN_S='ln -s'
LOAD_HEPMC=''
LTLIBOBJS=''
MADGRAPHDIR=''
MAKEINFO='makeinfo'
MKDIR_P='/usr/bin/mkdir -p'
NM='/usr/bin/nm -B'
NMEDIT=''
OBJDUMP='objdump'
OBJEXT='o'
OTOOL64=''
OTOOL=''
PACKAGE='checkmate'
PACKAGE_BUGREPORT='daschm@uni-bonn.de'
PACKAGE_NAME='CheckMATE'
PACKAGE_STRING='CheckMATE 2.0.0'
PACKAGE_TARNAME='checkmate'
PACKAGE_URL=''
PACKAGE_VERSION='2.0.0'
PATH_SEPARATOR=':'
PYTHIAINCLUDE='-I/home/shadowquark/code/github/checkmate/tools/pythia/include'
PYTHIALIBDIR='/home/shadowquark/code/github/checkmate/tools/pythia/lib'
PYTHIALIBS='-L/home/shadowquark/code/github/checkmate/tools/pythia/lib -lpythia8 -ldl -lm -lz'
PYTHON='/home/shadowquark/code/anaconda2/bin/python'
PYTHON_EXEC_PREFIX='${exec_prefix}'
PYTHON_PLATFORM='linux2'
PYTHON_PREFIX='${prefix}'
PYTHON_VERSION='2.7'
RANLIB='ranlib'
ROOTAUXCFLAGS='-pthread -std=c++11 -m64'
ROOTAUXLIBS='-pthread -lm -ldl -rdynamic'
ROOTCFLAGS='-I/home/shadowquark/source/root_6.18/include'
ROOTCINT='/home/shadowquark/source/root_6.18/bin/rootcint'
ROOTCONF='/home/shadowquark/source/root_6.18/bin/root-config'
ROOTETCDIR='/home/shadowquark/source/root_6.18/etc'
ROOTEXEC='/home/shadowquark/source/root_6.18/bin/root'
ROOTGLIBS='-lGui -lCore -lImt -lRIO -lNet -lHist -lGraf -lGraf3d -lGpad -lROOTVecOps -lTree -lTreePlayer -lRint -lPostscript -lMatrix -lPhysics -lMathCore -lThread -lMultiProc -lROOTDataFrame'
ROOTINCDIR='/home/shadowquark/source/root_6.18/include'
ROOTLIBDIR='/home/shadowquark/source/root_6.18/lib'
ROOTLIBS='-lCore -lImt -lRIO -lNet -lHist -lGraf -lGraf3d -lGpad -lROOTVecOps -lTree -lTreePlayer -lRint -lPostscript -lMatrix -lPhysics -lMathCore -lThread -lMultiProc -lROOTDataFrame'
ROOTRPATH='/home/shadowquark/source/root_6.18/lib'
ROOTSOVERSION='6.18'
ROOTSYS='/home/shadowquark/source/root_6.18'
ROOTSYSTEM='/home/shadowquark/source/root_6.18'
ROOTVERSION='6.18/00'
SED='/usr/bin/sed'
SET_MAKE=''
SHELL='/bin/sh'
STRIP='strip'
VERSION='2.0.0'
ac_ct_CC='gcc'
ac_ct_CXX='g++'
ac_ct_DUMPBIN=''
am__EXEEXT_FALSE=''
am__EXEEXT_TRUE=''
am__fastdepCC_FALSE='#'
am__fastdepCC_TRUE=''
am__fastdepCXX_FALSE='#'
am__fastdepCXX_TRUE=''
am__include='include'
am__isrc=''
am__leading_dot='.'
am__nodep='_no'
am__quote=''
am__tar='$${TAR-tar} chof - "$$tardir"'
am__untar='$${TAR-tar} xf -'
bindir='${exec_prefix}/bin'
build='x86_64-unknown-linux-gnu'
build_alias=''
build_cpu='x86_64'
build_os='linux-gnu'
build_vendor='unknown'
datadir='${datarootdir}'
datarootdir='${prefix}/share'
docdir='${datarootdir}/doc/${PACKAGE_TARNAME}'
dvidir='${docdir}'
exec_prefix='NONE'
host='x86_64-unknown-linux-gnu'
host_alias=''
host_cpu='x86_64'
host_os='linux-gnu'
host_vendor='unknown'
htmldir='${docdir}'
includedir='${prefix}/include'
infodir='${datarootdir}/info'
install_sh='${SHELL} /home/shadowquark/code/github/checkmate/install-sh'
libdir='${exec_prefix}/lib64'
libexecdir='${exec_prefix}/lib'
localedir='${datarootdir}/locale'
localstatedir='${prefix}/var'
lt_ECHO='echo'
mandir='${datarootdir}/man'
mkdir_p='$(MKDIR_P)'
oldincludedir='/usr/include'
pdfdir='${docdir}'
pkgpyexecdir='${pyexecdir}/checkmate'
pkgpythondir='${pythondir}/checkmate'
prefix='NONE'
program_transform_name='s,x,x,'
psdir='${docdir}'
pyexecdir='${exec_prefix}/lib/python2.7/site-packages'
pythondir='${prefix}/lib/python2.7/site-packages'
sbindir='${exec_prefix}/sbin'
sharedstatedir='${prefix}/com'
sysconfdir='${prefix}/etc'
target_alias=''

## ----------- ##
## confdefs.h. ##
## ----------- ##

/* confdefs.h */
#define PACKAGE_NAME "CheckMATE"
#define PACKAGE_TARNAME "checkmate"
#define PACKAGE_VERSION "2.0.0"
#define PACKAGE_STRING "CheckMATE 2.0.0"
#define PACKAGE_BUGREPORT "daschm@uni-bonn.de"
#define PACKAGE_URL ""
#define PACKAGE "checkmate"
#define VERSION "2.0.0"
#define STDC_HEADERS 1
#define HAVE_SYS_TYPES_H 1
#define HAVE_SYS_STAT_H 1
#define HAVE_STDLIB_H 1
#define HAVE_STRING_H 1
#define HAVE_MEMORY_H 1
#define HAVE_STRINGS_H 1
#define HAVE_INTTYPES_H 1
#define HAVE_STDINT_H 1
#define HAVE_UNISTD_H 1
#define HAVE_DLFCN_H 1
#define LT_OBJDIR ".libs/"
#define STDC_HEADERS 1
#define HAVE_IOSTREAM 1
#define HAVE_OSTREAM 1
#define HAVE_FSTREAM 1
#define HAVE_PYTHIA8_PYTHIA_H 1

configure: exit 1
